d:\india\roadsigndetection\enginesharp\x64\release\enginesharp.pch
d:\india\roadsigndetection\enginesharp\x64\release\vc141.pdb
d:\india\roadsigndetection\enginesharp\x64\release\stdafx.obj
d:\india\roadsigndetection\enginesharp\x64\release\enginesharp.obj
d:\india\roadsigndetection\enginesharp\x64\release\assemblyinfo.obj
d:\india\roadsigndetection\enginesharp\x64\release\.netframework,version=v4.6.1.assemblyattributes.obj
d:\india\roadsigndetection\enginesharp\x64\release\.netframework,version=v4.6.1.assemblyattributes.asm
d:\india\roadsigndetection\x64\release\enginesharp.dll
d:\india\roadsigndetection\x64\release\enginesharp.pdb
d:\india\roadsigndetection\enginesharp\x64\release\app.res
d:\india\roadsigndetection\enginesharp\x64\release\enginesharp.tlog\cl.command.1.tlog
d:\india\roadsigndetection\enginesharp\x64\release\enginesharp.tlog\cl.read.1.tlog
d:\india\roadsigndetection\enginesharp\x64\release\enginesharp.tlog\cl.write.1.tlog
d:\india\roadsigndetection\enginesharp\x64\release\enginesharp.tlog\link.command.1.tlog
d:\india\roadsigndetection\enginesharp\x64\release\enginesharp.tlog\link.read.1.tlog
d:\india\roadsigndetection\enginesharp\x64\release\enginesharp.tlog\link.write.1.tlog
d:\india\roadsigndetection\enginesharp\x64\release\enginesharp.tlog\metagen.read.1.tlog
d:\india\roadsigndetection\enginesharp\x64\release\enginesharp.tlog\metagen.write.1.tlog
d:\india\roadsigndetection\enginesharp\x64\release\enginesharp.tlog\rc.command.1.tlog
d:\india\roadsigndetection\enginesharp\x64\release\enginesharp.tlog\rc.read.1.tlog
d:\india\roadsigndetection\enginesharp\x64\release\enginesharp.tlog\rc.write.1.tlog
d:\india\roadsigndetection\enginesharp\x64\release\enginesharp.tlog\tzres.dll.bi
