d:\india\roadsigndetection\enginesharp\x64\debug\enginesharp.pch
d:\india\roadsigndetection\enginesharp\x64\debug\vc141.pdb
d:\india\roadsigndetection\enginesharp\x64\debug\stdafx.obj
d:\india\roadsigndetection\enginesharp\x64\debug\enginesharp.obj
d:\india\roadsigndetection\enginesharp\x64\debug\assemblyinfo.obj
d:\india\roadsigndetection\enginesharp\x64\debug\.netframework,version=v4.6.1.assemblyattributes.obj
d:\india\roadsigndetection\enginesharp\x64\debug\.netframework,version=v4.6.1.assemblyattributes.asm
d:\india\roadsigndetection\x64\debug\enginesharp.dll
d:\india\roadsigndetection\x64\debug\enginesharp.pdb
d:\india\roadsigndetection\enginesharp\x64\debug\app.res
d:\india\roadsigndetection\enginesharp\x64\debug\enginesharp.tlog\cl.command.1.tlog
d:\india\roadsigndetection\enginesharp\x64\debug\enginesharp.tlog\cl.read.1.tlog
d:\india\roadsigndetection\enginesharp\x64\debug\enginesharp.tlog\cl.write.1.tlog
d:\india\roadsigndetection\enginesharp\x64\debug\enginesharp.tlog\link.command.1.tlog
d:\india\roadsigndetection\enginesharp\x64\debug\enginesharp.tlog\link.read.1.tlog
d:\india\roadsigndetection\enginesharp\x64\debug\enginesharp.tlog\link.write.1.tlog
d:\india\roadsigndetection\enginesharp\x64\debug\enginesharp.tlog\metagen.read.1.tlog
d:\india\roadsigndetection\enginesharp\x64\debug\enginesharp.tlog\metagen.write.1.tlog
d:\india\roadsigndetection\enginesharp\x64\debug\enginesharp.tlog\rc.command.1.tlog
d:\india\roadsigndetection\enginesharp\x64\debug\enginesharp.tlog\rc.read.1.tlog
d:\india\roadsigndetection\enginesharp\x64\debug\enginesharp.tlog\rc.write.1.tlog
d:\india\roadsigndetection\enginesharp\x64\debug\enginesharp.tlog\tzres.dll.bi
